C:\USERS\ADMINISTRATOR\DESKTOP\TCD\ANIMATION\LAB1\LAB1\DEBUG\BONE.OBJ
C:\USERS\ADMINISTRATOR\DESKTOP\TCD\ANIMATION\LAB1\LAB1\DEBUG\CAMERA.OBJ
C:\USERS\ADMINISTRATOR\DESKTOP\TCD\ANIMATION\LAB1\LAB1\DEBUG\INIT.OBJ
C:\USERS\ADMINISTRATOR\DESKTOP\TCD\ANIMATION\LAB1\LAB1\DEBUG\LOADMODEL.OBJ
C:\USERS\ADMINISTRATOR\DESKTOP\TCD\ANIMATION\LAB1\LAB1\DEBUG\MAIN.OBJ
C:\USERS\ADMINISTRATOR\DESKTOP\TCD\ANIMATION\LAB1\LAB1\DEBUG\MATHS_FUNCS.OBJ
C:\USERS\ADMINISTRATOR\DESKTOP\TCD\ANIMATION\LAB1\LAB1\DEBUG\OBJECTBUFFER.OBJ
C:\USERS\ADMINISTRATOR\DESKTOP\TCD\ANIMATION\LAB1\LAB1\DEBUG\SHADER.OBJ
C:\USERS\ADMINISTRATOR\DESKTOP\TCD\ANIMATION\LAB1\LAB1\DEBUG\SKELETON.OBJ
C:\USERS\ADMINISTRATOR\DESKTOP\TCD\ANIMATION\LAB1\LAB1\DEBUG\WINDOW.OBJ
C:\USERS\ADMINISTRATOR\DESKTOP\TCD\ANIMATION\LAB1\LAB1\DEBUG\VC110.PDB
C:\USERS\ADMINISTRATOR\DESKTOP\TCD\ANIMATION\LAB1\DEBUG\LAB1.ILK
C:\USERS\ADMINISTRATOR\DESKTOP\TCD\ANIMATION\LAB1\DEBUG\LAB1.EXE
C:\USERS\ADMINISTRATOR\DESKTOP\TCD\ANIMATION\LAB1\DEBUG\LAB1.PDB
C:\Users\Administrator\Desktop\TCD\Animation\Lab1\Lab1\Debug\Bone.obj
C:\Users\Administrator\Desktop\TCD\Animation\Lab1\Lab1\Debug\Camera.obj
C:\Users\Administrator\Desktop\TCD\Animation\Lab1\Lab1\Debug\Init.obj
C:\Users\Administrator\Desktop\TCD\Animation\Lab1\Lab1\Debug\LoadModel.obj
C:\Users\Administrator\Desktop\TCD\Animation\Lab1\Lab1\Debug\main.obj
C:\Users\Administrator\Desktop\TCD\Animation\Lab1\Lab1\Debug\maths_funcs.obj
C:\Users\Administrator\Desktop\TCD\Animation\Lab1\Lab1\Debug\ObjectBuffer.obj
C:\Users\Administrator\Desktop\TCD\Animation\Lab1\Lab1\Debug\Shader.obj
C:\Users\Administrator\Desktop\TCD\Animation\Lab1\Lab1\Debug\Skeleton.obj
C:\Users\Administrator\Desktop\TCD\Animation\Lab1\Lab1\Debug\Window.obj
C:\Users\Administrator\Desktop\TCD\Animation\Lab1\Lab1\Debug\cl.command.1.tlog
C:\Users\Administrator\Desktop\TCD\Animation\Lab1\Lab1\Debug\CL.read.1.tlog
C:\Users\Administrator\Desktop\TCD\Animation\Lab1\Lab1\Debug\CL.write.1.tlog
C:\Users\Administrator\Desktop\TCD\Animation\Lab1\Lab1\Debug\link-cvtres.read.1.tlog
C:\Users\Administrator\Desktop\TCD\Animation\Lab1\Lab1\Debug\link-cvtres.write.1.tlog
C:\Users\Administrator\Desktop\TCD\Animation\Lab1\Lab1\Debug\link-rc.read.1.tlog
C:\Users\Administrator\Desktop\TCD\Animation\Lab1\Lab1\Debug\link-rc.write.1.tlog
C:\Users\Administrator\Desktop\TCD\Animation\Lab1\Lab1\Debug\link.command.1.tlog
C:\Users\Administrator\Desktop\TCD\Animation\Lab1\Lab1\Debug\link.read.1.tlog
C:\Users\Administrator\Desktop\TCD\Animation\Lab1\Lab1\Debug\link.write.1.tlog
C:\Users\Administrator\Desktop\TCD\Animation\Lab1\Lab1\Debug\vc110.idb
C:\Users\Administrator\Desktop\TCD\Animation\Lab1\Lab1\Debug\vc110.pdb
C:\Users\Administrator\Desktop\TCD\Animation\Lab1\Debug\Lab1.pdb
C:\Users\Administrator\Desktop\TCD\Animation\Lab1\Debug\Lab1.exe
C:\Users\Administrator\Desktop\TCD\Animation\Lab1\Debug\Lab1.ilk
