Build started 22/10/2014 01:25:35.
     1>Project "C:\Users\Administrator\Desktop\TCD\Animation\Lab1\Lab1\Lab1.vcxproj" on node 2 (Build target(s)).
     1>ClCompile:
         C:\Program Files (x86)\Microsoft Visual Studio 11.0\VC\bin\CL.exe /c /IC:\Users\Administrator\Desktop\TCD\Animation\glm /IC:\Users\Administrator\Desktop\TCD\Animation\glfw\include /IC:\Users\Administrator\Desktop\TCD\Animation\glew\include /Zi /nologo /W3 /WX- /O2 /Oi /Oy- /GL /D WIN32 /D NDEBUG /D _CONSOLE /D _UNICODE /D UNICODE /Gm- /EHsc /MD /GS /Gy /fp:precise /Zc:wchar_t /Zc:forScope /Fo"Release\\" /Fd"Release\vc110.pdb" /Gd /TP /analyze- /errorReport:prompt Skeleton.cpp
         Skeleton.cpp
     1>c:\users\administrator\desktop\tcd\animation\lab1\lab1\cylinder.h(30): warning C4018: '<' : signed/unsigned mismatch
     1>c:\users\administrator\desktop\tcd\animation\lab1\lab1\cylinder.h(42): warning C4018: '<' : signed/unsigned mismatch
     1>c:\users\administrator\desktop\tcd\animation\lab1\lab1\cylinder.h(52): warning C4018: '<' : signed/unsigned mismatch
         GLM: rotate function taking degrees as a parameter is deprecated. #define GLM_FORCE_RADIANS before including GLM headers to remove this message.
       Link:
         C:\Program Files (x86)\Microsoft Visual Studio 11.0\VC\bin\link.exe /ERRORREPORT:PROMPT /OUT:"C:\Users\Administrator\Desktop\TCD\Animation\Lab1\Release\Lab1.exe" /INCREMENTAL:NO /NOLOGO /LIBPATH:"C:\Users\Administrator\Desktop\TCD\Animation\glfw\lib-msvc110" /LIBPATH:C:\Users\Administrator\Desktop\TCD\Animation\glew\lib\Release\Win32 kernel32.lib user32.lib gdi32.lib winspool.lib comdlg32.lib advapi32.lib shell32.lib ole32.lib oleaut32.lib uuid.lib odbc32.lib odbccp32.lib kernel32.lib user32.lib gdi32.lib winspool.lib comdlg32.lib advapi32.lib shell32.lib ole32.lib oleaut32.lib uuid.lib odbc32.lib odbccp32.lib glew32.lib glfw3.lib opengl32.lib /MANIFEST /MANIFESTUAC:"level='asInvoker' uiAccess='false'" /manifest:embed /DEBUG /PDB:"C:\Users\Administrator\Desktop\TCD\Animation\Lab1\Release\Lab1.pdb" /SUBSYSTEM:CONSOLE /OPT:REF /OPT:ICF /LTCG /TLBID:1 /DYNAMICBASE /NXCOMPAT /IMPLIB:"C:\Users\Administrator\Desktop\TCD\Animation\Lab1\Release\Lab1.lib" /MACHINE:X86 /SAFESEH Release\Bone.obj
         Release\Camera.obj
         Release\Init.obj
         Release\LoadModel.obj
         Release\main.obj
         Release\maths_funcs.obj
         Release\ObjectBuffer.obj
         Release\Shader.obj
         Release\Skeleton.obj
         Release\Window.obj
         Generating code
     1>c:\users\administrator\desktop\tcd\animation\lab1\lab1\skeleton.cpp(152): warning C4715: 'Skeleton::traverseHierarchy' : not all control paths return a value
         Finished generating code
         Lab1.vcxproj -> C:\Users\Administrator\Desktop\TCD\Animation\Lab1\Release\Lab1.exe
     1>Done Building Project "C:\Users\Administrator\Desktop\TCD\Animation\Lab1\Lab1\Lab1.vcxproj" (Build target(s)).

Build succeeded.

Time Elapsed 00:00:02.09
